<?xml version="1.0" encoding="UTF-8"?>
<!-- Generated by org.testng.reporters.JUnitReportReporter -->
<testsuite skipped="0" hostname="DESKTOP-NBCU07V" name="testcases.TestIrctc" tests="1" failures="0" timestamp="2020-07-09T21:48:30 IST" time="46.896" errors="0">
  <testcase name="launchBrowser" time="46.896" classname="testcases.TestIrctc"/>
</testsuite> <!-- testcases.TestIrctc -->
