<?xml version="1.0" encoding="UTF-8"?>
<!-- Generated by org.testng.reporters.JUnitReportReporter -->
<testsuite skipped="0" hostname="DESKTOP-NBCU07V" name="selenium_actions.InvokeBrowser" tests="1" failures="0" timestamp="2020-07-07T18:43:17 IST" time="12.296" errors="0">
  <testcase name="launchBrowser" time="12.296" classname="selenium_actions.InvokeBrowser"/>
</testsuite> <!-- selenium_actions.InvokeBrowser -->
