<?xml version="1.0" encoding="UTF-8"?>
<!-- Generated by org.testng.reporters.JUnitReportReporter -->
<testsuite skipped="0" hostname="DESKTOP-NBCU07V" name="testcases.TestLeafTaps" tests="1" failures="0" timestamp="2020-07-11T22:45:24 IST" time="51.019" errors="0">
  <testcase name="launchBrowser" time="51.019" classname="testcases.TestLeafTaps"/>
</testsuite> <!-- testcases.TestLeafTaps -->
