<?xml version="1.0" encoding="UTF-8"?>
<!-- Generated by org.testng.reporters.JUnitReportReporter -->
<testsuite skipped="0" hostname="DESKTOP-NBCU07V" name="testcases.TestLinkedin" tests="1" failures="0" timestamp="2020-07-11T16:44:07 IST" time="38.787" errors="0">
  <testcase name="launchBrowser" time="38.787" classname="testcases.TestLinkedin"/>
</testsuite> <!-- testcases.TestLinkedin -->
