<?xml version="1.0" encoding="UTF-8"?>
<!-- Generated by org.testng.reporters.JUnitReportReporter -->
<testsuite skipped="0" hostname="DESKTOP-NBCU07V" name="testcases.TestClass" tests="1" failures="0" timestamp="2020-07-08T21:36:14 IST" time="47.042" errors="0">
  <testcase name="launchBrowser" time="47.042" classname="testcases.TestClass"/>
</testsuite> <!-- testcases.TestClass -->
